Build started 20.10.2015 16:45:33.
     1>Project "D:\Git_Console\exceptions\solutions\KiparenkoIV\base-version.vcxproj" on node 2 (Build target(s)).
     1>ClCompile:
         D:\Visual Studio 2012 Express\VC\bin\CL.exe /c /Zi /nologo /W3 /WX- /O2 /Oi /Oy- /GL /D WIN32 /D NDEBUG /D _CONSOLE /D _UNICODE /D UNICODE /Gm- /EHsc /MD /GS /Gy /fp:precise /Zc:wchar_t /Zc:forScope /Fo"Release\\" /Fd"Release\vc110.pdb" /Gd /TP /analyze- /errorReport:prompt src\MyException.cpp src\main.cpp
         MyException.cpp
     1>src\MyException.cpp(23): warning C4996: 'strcpy': This function or variable may be unsafe. Consider using strcpy_s instead. To disable deprecation, use _CRT_SECURE_NO_WARNINGS. See online help for details.
                 D:\Visual Studio 2012 Express\VC\include\string.h(110) : see declaration of 'strcpy'
         main.cpp
       Link:
         D:\Visual Studio 2012 Express\VC\bin\link.exe /ERRORREPORT:PROMPT /OUT:"D:\Git_Console\exceptions\solutions\KiparenkoIV\Release\base-version.exe" /INCREMENTAL:NO /NOLOGO kernel32.lib user32.lib gdi32.lib winspool.lib comdlg32.lib advapi32.lib shell32.lib ole32.lib oleaut32.lib uuid.lib odbc32.lib odbccp32.lib /MANIFEST /MANIFESTUAC:"level='asInvoker' uiAccess='false'" /manifest:embed /DEBUG /PDB:"D:\Git_Console\exceptions\solutions\KiparenkoIV\Release\base-version.pdb" /SUBSYSTEM:CONSOLE /OPT:REF /OPT:ICF /LTCG /TLBID:1 /DYNAMICBASE /NXCOMPAT /IMPLIB:"D:\Git_Console\exceptions\solutions\KiparenkoIV\Release\base-version.lib" /MACHINE:X86 /SAFESEH Release\generator.obj
         Release\main.obj
         Release\MyException.obj
         Release\sort.obj
         Release\tests.obj
         Generating code
         Finished generating code
         base-version.vcxproj -> D:\Git_Console\exceptions\solutions\KiparenkoIV\Release\base-version.exe
     1>Done Building Project "D:\Git_Console\exceptions\solutions\KiparenkoIV\base-version.vcxproj" (Build target(s)).

Build succeeded.

Time Elapsed 00:00:02.15
