Построение начато 25.10.2015 20:53:28.
     1>Проект "C:\Exceptions2.0\exceptions\solutions\SizovaK\base-version.vcxproj" в узле 2 (целевые объекты Build).
     1>ClCompile:
         C:\Program Files (x86)\Microsoft Visual Studio 11.0\VC\bin\CL.exe /c /Zi /nologo /W3 /WX- /O2 /Oi /Oy- /GL /D WIN32 /D NDEBUG /D _CONSOLE /D _UNICODE /D UNICODE /Gm- /EHsc /MD /GS /Gy /fp:precise /Zc:wchar_t /Zc:forScope /Fo"Release\\" /Fd"Release\vc110.pdb" /Gd /TP /analyze- /errorReport:prompt src\MyException.cpp src\main.cpp src\tests.cpp
         MyException.cpp
     1>src\MyException.cpp(21): warning C4996: 'strcpy': This function or variable may be unsafe. Consider using strcpy_s instead. To disable deprecation, use _CRT_SECURE_NO_WARNINGS. See online help for details.
                 C:\Program Files (x86)\Microsoft Visual Studio 11.0\VC\include\string.h(110): см. объявление "strcpy"
         main.cpp
         tests.cpp
     1>src\tests.cpp(27): warning C4996: 'sprintf': This function or variable may be unsafe. Consider using sprintf_s instead. To disable deprecation, use _CRT_SECURE_NO_WARNINGS. See online help for details.
                 C:\Program Files (x86)\Microsoft Visual Studio 11.0\VC\include\stdio.h(357): см. объявление "sprintf"
     1>src\tests.cpp(56): warning C4996: 'sprintf': This function or variable may be unsafe. Consider using sprintf_s instead. To disable deprecation, use _CRT_SECURE_NO_WARNINGS. See online help for details.
                 C:\Program Files (x86)\Microsoft Visual Studio 11.0\VC\include\stdio.h(357): см. объявление "sprintf"
     1>src\tests.cpp(77): warning C4996: 'sprintf': This function or variable may be unsafe. Consider using sprintf_s instead. To disable deprecation, use _CRT_SECURE_NO_WARNINGS. See online help for details.
                 C:\Program Files (x86)\Microsoft Visual Studio 11.0\VC\include\stdio.h(357): см. объявление "sprintf"
     1>src\tests.cpp(90): warning C4996: 'sprintf': This function or variable may be unsafe. Consider using sprintf_s instead. To disable deprecation, use _CRT_SECURE_NO_WARNINGS. See online help for details.
                 C:\Program Files (x86)\Microsoft Visual Studio 11.0\VC\include\stdio.h(357): см. объявление "sprintf"
     1>src\tests.cpp(99): warning C4996: 'sprintf': This function or variable may be unsafe. Consider using sprintf_s instead. To disable deprecation, use _CRT_SECURE_NO_WARNINGS. See online help for details.
                 C:\Program Files (x86)\Microsoft Visual Studio 11.0\VC\include\stdio.h(357): см. объявление "sprintf"
     1>src\tests.cpp(112): warning C4996: 'sprintf': This function or variable may be unsafe. Consider using sprintf_s instead. To disable deprecation, use _CRT_SECURE_NO_WARNINGS. See online help for details.
                 C:\Program Files (x86)\Microsoft Visual Studio 11.0\VC\include\stdio.h(357): см. объявление "sprintf"
     1>c:\exceptions2.0\exceptions\solutions\sizovak\src\div.h(12): warning C4996: 'sprintf': This function or variable may be unsafe. Consider using sprintf_s instead. To disable deprecation, use _CRT_SECURE_NO_WARNINGS. See online help for details.
                 C:\Program Files (x86)\Microsoft Visual Studio 11.0\VC\include\stdio.h(357): см. объявление "sprintf"
                 src\tests.cpp(51): см. ссылку на создание экземпляров функции шаблон при компиляции "T MyDiv<double>(T,T)"
                 with
                 [
                     T=double
                 ]
       Link:
         C:\Program Files (x86)\Microsoft Visual Studio 11.0\VC\bin\link.exe /ERRORREPORT:PROMPT /OUT:"C:\Exceptions2.0\exceptions\solutions\SizovaK\Release\base-version.exe" /INCREMENTAL:NO /NOLOGO kernel32.lib user32.lib gdi32.lib winspool.lib comdlg32.lib advapi32.lib shell32.lib ole32.lib oleaut32.lib uuid.lib odbc32.lib odbccp32.lib /MANIFEST /MANIFESTUAC:"level='asInvoker' uiAccess='false'" /manifest:embed /DEBUG /PDB:"C:\Exceptions2.0\exceptions\solutions\SizovaK\Release\base-version.pdb" /SUBSYSTEM:CONSOLE /OPT:REF /OPT:ICF /LTCG /TLBID:1 /DYNAMICBASE /NXCOMPAT /IMPLIB:"C:\Exceptions2.0\exceptions\solutions\SizovaK\Release\base-version.lib" /MACHINE:X86 /SAFESEH Release\generator.obj
         Release\main.obj
         Release\MyException.obj
         Release\sort.obj
         Release\tests.obj
         Создание кода
         Создание кода завершено
         base-version.vcxproj -> C:\Exceptions2.0\exceptions\solutions\SizovaK\Release\base-version.exe
     1>Построение проекта "C:\Exceptions2.0\exceptions\solutions\SizovaK\base-version.vcxproj" завершено (целевые объекты Build).

Построение успешно завершено.

Затраченное время: 00:00:01.74
